#-----------------------------------------------------------
# Vivado v2018.2 (64-bit)
# SW Build 2258646 on Thu Jun 14 20:03:12 MDT 2018
# IP Build 2256618 on Thu Jun 14 22:10:49 MDT 2018
# Start of session at: Tue May  7 04:25:18 2024
# Process ID: 15236
# Current directory: C:/Users/alikh/OneDrive/Desktop/FINAL MANO
# Command line: vivado.exe -gui_launcher_event rodinguilauncherevent59216 C:\Users\alikh\OneDrive\Desktop\FINAL MANO\FINAL MANO.xpr
# Log file: C:/Users/alikh/OneDrive/Desktop/FINAL MANO/vivado.log
# Journal file: C:/Users/alikh/OneDrive/Desktop/FINAL MANO\vivado.jou
#-----------------------------------------------------------
start_gui
open_project {C:/Users/alikh/OneDrive/Desktop/FINAL MANO/FINAL MANO.xpr}
Scanning sources...
Finished scanning sources
INFO: [IP_Flow 19-234] Refreshing IP repositories
INFO: [IP_Flow 19-1704] No user IP repositories specified
INFO: [IP_Flow 19-2313] Loaded Vivado IP repository 'C:/Users/alikh/OneDrive/Desktop/Vivado/2018.2/data/ip'.
update_compile_order -fileset sources_1
launch_simulation
INFO: [Vivado 12-5682] Launching behavioral simulation in 'C:/Users/alikh/OneDrive/Desktop/FINAL MANO/FINAL MANO.sim/sim_1/behav/xsim'
INFO: [SIM-utils-51] Simulation object is 'sim_1'
INFO: [SIM-utils-54] Inspecting design source files for 'Mainn_tb' in fileset 'sim_1'...
INFO: [USF-XSim-97] Finding global include files...
INFO: [USF-XSim-98] Fetching design files from 'sim_1'...
INFO: [USF-XSim-2] XSim::Compile design
INFO: [USF-XSim-61] Executing 'COMPILE and ANALYZE' step in 'C:/Users/alikh/OneDrive/Desktop/FINAL MANO/FINAL MANO.sim/sim_1/behav/xsim'
"xvlog --incr --relax -prj Mainn_tb_vlog.prj"
INFO: [USF-XSim-69] 'compile' step finished in '2' seconds
INFO: [USF-XSim-3] XSim::Elaborate design
INFO: [USF-XSim-61] Executing 'ELABORATE' step in 'C:/Users/alikh/OneDrive/Desktop/FINAL MANO/FINAL MANO.sim/sim_1/behav/xsim'
Vivado Simulator 2018.2
Copyright 1986-1999, 2001-2018 Xilinx, Inc. All Rights Reserved.
Running: C:/Users/alikh/OneDrive/Desktop/Vivado/2018.2/bin/unwrapped/win64.o/xelab.exe -wto a2281e0d09cf418e91079b60159fceeb --incr --debug typical --relax --mt 2 -L xil_defaultlib -L unisims_ver -L unimacro_ver -L secureip --snapshot Mainn_tb_behav xil_defaultlib.Mainn_tb xil_defaultlib.glbl -log elaborate.log 
Using 2 slave threads.
Starting static elaboration
WARNING: [VRFC 10-278] actual bit length 12 differs from formal bit length 16 for port B [C:/Users/alikh/OneDrive/Desktop/FINAL MANO/FINAL MANO.srcs/sources_1/new/Control_Unit.v:46]
WARNING: [VRFC 10-278] actual bit length 12 differs from formal bit length 16 for port B [C:/Users/alikh/OneDrive/Desktop/FINAL MANO/FINAL MANO.srcs/sources_1/new/Control_Unit.v:52]
Completed static elaboration
INFO: [XSIM 43-4323] No Change in HDL. Linking previously generated obj files to create kernel
run_program: Time (s): cpu = 00:00:00 ; elapsed = 00:00:06 . Memory (MB): peak = 905.051 ; gain = 0.000
INFO: [USF-XSim-69] 'elaborate' step finished in '6' seconds
INFO: [USF-XSim-4] XSim::Simulate design
INFO: [USF-XSim-61] Executing 'SIMULATE' step in 'C:/Users/alikh/OneDrive/Desktop/FINAL MANO/FINAL MANO.sim/sim_1/behav/xsim'
INFO: [USF-XSim-98] *** Running xsim
   with args "Mainn_tb_behav -key {Behavioral:sim_1:Functional:Mainn_tb} -tclbatch {Mainn_tb.tcl} -view {{C:/term 2/micro/Mano-Basic-Computer-Using-Verilog-main/Mano-Basic-Computer-Using-Verilog-main/project_1/Mainn_tb_behav.wcfg}} -log {simulate.log}"
INFO: [USF-XSim-8] Loading simulator feature
Vivado Simulator 2018.2
Time resolution is 1 ps
open_wave_config {C:/term 2/micro/Mano-Basic-Computer-Using-Verilog-main/Mano-Basic-Computer-Using-Verilog-main/project_1/Mainn_tb_behav.wcfg}
source Mainn_tb.tcl
# set curr_wave [current_wave_config]
# if { [string length $curr_wave] == 0 } {
#   if { [llength [get_objects]] > 0} {
#     add_wave /
#     set_property needs_save false [current_wave_config]
#   } else {
#      send_msg_id Add_Wave-1 WARNING "No top level signals found. Simulator will start without a wave window. If you want to open a wave window go to 'File->New Waveform Configuration' or type 'create_wave_config' in the TCL console."
#   }
# }
# run 1000ns
INFO: [USF-XSim-96] XSim completed. Design snapshot 'Mainn_tb_behav' loaded.
INFO: [USF-XSim-97] XSim simulation ran for 1000ns
launch_simulation: Time (s): cpu = 00:00:02 ; elapsed = 00:00:12 . Memory (MB): peak = 905.051 ; gain = 0.000
close_sim
INFO: [Simtcl 6-16] Simulation closed
exit
INFO: [Common 17-206] Exiting Vivado at Tue May  7 04:37:24 2024...
